Determining if the pthread_create exist failed with the following output:
Change Dir: /home/simonpersson/ROS-WorkSpace/build/CMakeFiles/CMakeTmp

Run Build Command:"/usr/bin/make" "cmTC_ebdd4/fast"
/usr/bin/make -f CMakeFiles/cmTC_ebdd4.dir/build.make CMakeFiles/cmTC_ebdd4.dir/build
make[1]: Entering directory '/home/simonpersson/ROS-WorkSpace/build/CMakeFiles/CMakeTmp'
Building C object CMakeFiles/cmTC_ebdd4.dir/CheckSymbolExists.c.o
/usr/bin/cc     -o CMakeFiles/cmTC_ebdd4.dir/CheckSymbolExists.c.o   -c /home/simonpersson/ROS-WorkSpace/build/CMakeFiles/CMakeTmp/CheckSymbolExists.c
Linking C executable cmTC_ebdd4
/usr/bin/cmake -E cmake_link_script CMakeFiles/cmTC_ebdd4.dir/link.txt --verbose=1
/usr/bin/cc       CMakeFiles/cmTC_ebdd4.dir/CheckSymbolExists.c.o  -o cmTC_ebdd4 -rdynamic 
CMakeFiles/cmTC_ebdd4.dir/CheckSymbolExists.c.o: In function `main':
CheckSymbolExists.c:(.text+0x16): undefined reference to `pthread_create'
collect2: error: ld returned 1 exit status
CMakeFiles/cmTC_ebdd4.dir/build.make:97: recipe for target 'cmTC_ebdd4' failed
make[1]: *** [cmTC_ebdd4] Error 1
make[1]: Leaving directory '/home/simonpersson/ROS-WorkSpace/build/CMakeFiles/CMakeTmp'
Makefile:126: recipe for target 'cmTC_ebdd4/fast' failed
make: *** [cmTC_ebdd4/fast] Error 2

File /home/simonpersson/ROS-WorkSpace/build/CMakeFiles/CMakeTmp/CheckSymbolExists.c:
/* */
#include <pthread.h>

int main(int argc, char** argv)
{
  (void)argv;
#ifndef pthread_create
  return ((int*)(&pthread_create))[argc];
#else
  (void)argc;
  return 0;
#endif
}

Determining if the function pthread_create exists in the pthreads failed with the following output:
Change Dir: /home/simonpersson/ROS-WorkSpace/build/CMakeFiles/CMakeTmp

Run Build Command:"/usr/bin/make" "cmTC_84083/fast"
/usr/bin/make -f CMakeFiles/cmTC_84083.dir/build.make CMakeFiles/cmTC_84083.dir/build
make[1]: Entering directory '/home/simonpersson/ROS-WorkSpace/build/CMakeFiles/CMakeTmp'
Building C object CMakeFiles/cmTC_84083.dir/CheckFunctionExists.c.o
/usr/bin/cc    -DCHECK_FUNCTION_EXISTS=pthread_create   -o CMakeFiles/cmTC_84083.dir/CheckFunctionExists.c.o   -c /usr/share/cmake-3.5/Modules/CheckFunctionExists.c
Linking C executable cmTC_84083
/usr/bin/cmake -E cmake_link_script CMakeFiles/cmTC_84083.dir/link.txt --verbose=1
/usr/bin/cc   -DCHECK_FUNCTION_EXISTS=pthread_create    CMakeFiles/cmTC_84083.dir/CheckFunctionExists.c.o  -o cmTC_84083 -rdynamic -lpthreads 
/usr/bin/ld: cannot find -lpthreads
collect2: error: ld returned 1 exit status
CMakeFiles/cmTC_84083.dir/build.make:97: recipe for target 'cmTC_84083' failed
make[1]: *** [cmTC_84083] Error 1
make[1]: Leaving directory '/home/simonpersson/ROS-WorkSpace/build/CMakeFiles/CMakeTmp'
Makefile:126: recipe for target 'cmTC_84083/fast' failed
make: *** [cmTC_84083/fast] Error 2


